starting_ip 5
    (1) (2) (3)
(1)   0   0   0
(2)   1   0   6
(3)   2   4   0
    (1) (2) (3)
(1)   0   3   5
(2)   1   0   6
(3)   2   4   0
    (1) (2) (3)
(1)   0   3   0
(2)   1   0   6
(3)   2   0   0
    (1) (2) (3)
(1)   0   0   0
(2)   1   0   6
(3)   2   0   0
             V1
1 FMN_P119_WE06
2 KIB_P014_WG06
3  UFL_P01_WB02
4  UFL_P03_WG05
 [1] "FMN_P007_WG12" "FMN_P008_WE09" "FMN_P015_WC07" "FMN_P017_WH04"
 [5] "FMN_P017_WH08" "FMN_P018_WA03" "FMN_P019_WG07" "FMN_P038_WE02"
 [9] "FMN_P039_WE08" "FMN_P039_WF07" "FMN_P040_WA02" "FMN_P043_WH09"
[13] "FMN_P044_WA10" "FMN_P044_WB02" "FMN_P044_WC05" "FMN_P044_WG10"
[17] "FMN_P045_WD09" "FMN_P053_WB05" "FMN_P070_WA06" "FMN_P083_WC08"
[21] "FMN_P089_WG12" "FMN_P094_WC02" "FMN_P094_WG03" "FMN_P102_WF02"
[25] "FMN_P115_WB03" "KIB_P004_WC08" "KIB_P020_WG01" "KIB_P022_WH09"
[29] "KIB_P024_WH01" "KIB_P024_WH12" "KIB_P025_WD01" "KIB_P026_WF11"
[33] "KIB_P027_WA12" "KIB_P028_WG05"
You specified 'fixed.nodes=FALSE' but included a phy object with node labels. These node labels have been removed.
State distribution in data:
States:	1	1&2&3	2	3	
Counts:	17341	13	263	6731	
Beginning subplex optimization routine -- Starting value(s): 0.3694786 0.1742074 0.1177359 0.08113867 0.001381678 
